<?xml version="1.0" encoding="UTF-8"?>
<!-- Generated by org.testng.reporters.JUnitReportReporter -->
<testsuite skipped="0" hostname="LAPTOP-06MSU60O" name="week3.day3.LearnTestNGCreateLead" tests="1" failures="0" timestamp="2020-11-28T17:07:38 IST" time="18.805" errors="0">
  <testcase name="CreateLeadTestNG" time="18.805" classname="week3.day3.LearnTestNGCreateLead"/>
</testsuite> <!-- week3.day3.LearnTestNGCreateLead -->
