<?xml version="1.0" encoding="UTF-8"?>
<!-- Generated by org.testng.reporters.JUnitReportReporter -->
<testsuite skipped="0" hostname="LAPTOP-06MSU60O" name="week1.works.EditLead" tests="1" failures="0" timestamp="2019-10-31T22:46:52 IST" time="7.924" errors="0">
  <testcase name="EditLeadTestNG" time="7.924" classname="week1.works.EditLead"/>
</testsuite> <!-- week1.works.EditLead -->
