<?xml version="1.0" encoding="UTF-8"?>
<!-- Generated by org.testng.reporters.JUnitReportReporter -->
<testsuite skipped="0" hostname="LAPTOP-06MSU60O" name="week1.works.CreateLead" tests="1" failures="0" timestamp="2019-10-31T11:55:03 IST" time="26.813" errors="0">
  <testcase name="CreateLeadTestNG" time="26.813" classname="week1.works.CreateLead"/>
</testsuite> <!-- week1.works.CreateLead -->
