<?xml version="1.0" encoding="UTF-8"?>
<!-- Generated by org.testng.reporters.JUnitReportReporter -->
<testsuite skipped="0" hostname="LAPTOP-06MSU60O" name="week3.day3.DeleteLeadTestNG" tests="1" failures="0" timestamp="2019-11-04T13:48:53 IST" time="33.278" errors="0">
  <testcase name="DeleteTestNG" time="33.278" classname="week3.day3.DeleteLeadTestNG"/>
</testsuite> <!-- week3.day3.DeleteLeadTestNG -->
