<?xml version="1.0" encoding="UTF-8"?>
<!-- Generated by org.testng.reporters.JUnitReportReporter -->
<testsuite skipped="0" hostname="LAPTOP-06MSU60O" name="runner.RunTest" tests="1" failures="0" timestamp="2019-11-06T13:52:55 IST" time="13.926" errors="0">
  <testcase name="runScenario" time="13.926" classname="runner.RunTest"/>
</testsuite> <!-- runner.RunTest -->
