<?xml version="1.0" encoding="UTF-8"?>
<!-- Generated by org.testng.reporters.JUnitReportReporter -->
<testsuite skipped="0" hostname="LAPTOP-06MSU60O" name="week1.works.DeleteLead" tests="1" failures="0" timestamp="2019-10-31T11:55:03 IST" time="29.197" errors="0">
  <testcase name="DeleteLeadTestNG" time="29.197" classname="week1.works.DeleteLead"/>
</testsuite> <!-- week1.works.DeleteLead -->
